browser/build/intermediates/manifest_merge_blame_file/release/manifest-merger-blame-release-report.txt
1<?xml version="1.0" encoding="utf-8"?>
2<manifest xmlns:android="http://schemas.android.com/apk/res/android"
3    package="com.aidegroup.ticket"
4    android:versionCode="1"
5    android:versionName="1.0.1" >
6
7    <uses-sdk
8        android:minSdkVersion="24"
8-->src\main\AndroidManifest.xml
9        android:targetSdkVersion="30" />
9-->src\main\AndroidManifest.xml
10
11    <uses-feature android:name="android.hardware.camera" />
11-->src\main\AndroidManifest.xml:69:5-60
11-->src\main\AndroidManifest.xml:69:19-57
12    <uses-feature android:name="android.hardware.camera.autofocus" />
12-->src\main\AndroidManifest.xml:70:5-70
12-->src\main\AndroidManifest.xml:70:19-67
13
14    <!-- 硬件支持 -->
15    <uses-permission android:name="android.permission.READ_PRIVILEGED_PHONE_STATE" />
15-->src\main\AndroidManifest.xml:73:5-75:47
15-->src\main\AndroidManifest.xml:74:9-70
16    <uses-permission android:name="android.permission.READ_PRIVILEGED_PHONE_STATE" />
16-->src\main\AndroidManifest.xml:73:5-75:47
16-->src\main\AndroidManifest.xml:74:9-70
17    <uses-permission android:name="android.permission.READ_PHONE_STATE" />
17-->src\main\AndroidManifest.xml:81:5-75
17-->src\main\AndroidManifest.xml:81:22-72
18
19    <!-- NFC权限声明 -->
20    <uses-permission android:name="android.permission.VIBRATE" />
20-->src\main\AndroidManifest.xml:84:5-66
20-->src\main\AndroidManifest.xml:84:22-63
21    <uses-permission android:name="android.permission.NFC" />
21-->src\main\AndroidManifest.xml:86:5-62
21-->src\main\AndroidManifest.xml:86:22-59
22    <uses-permission android:name="android.permission.WRITE_EXTERNAL_STORAGE" />
22-->src\main\AndroidManifest.xml:87:5-89:40
22-->src\main\AndroidManifest.xml:88:9-65
23    <uses-permission android:name="android.permission.ACCESS_NETWORK_STATE" />
23-->src\main\AndroidManifest.xml:90:5-79
23-->src\main\AndroidManifest.xml:90:22-76
24    <uses-permission android:name="android.permission.ACCESS_WIFI_STATE" />
24-->src\main\AndroidManifest.xml:91:5-76
24-->src\main\AndroidManifest.xml:91:22-73
25    <uses-permission android:name="android.permission.INTERNET" />
25-->src\main\AndroidManifest.xml:92:5-67
25-->src\main\AndroidManifest.xml:92:22-64
26    <uses-permission android:name="android.permission.READ_PHONE_STATE" />
26-->src\main\AndroidManifest.xml:81:5-75
26-->src\main\AndroidManifest.xml:81:22-72
27    <uses-permission android:name="android.permission.MOUNT_UNMOUNT_FILESYSTEMS" />
27-->src\main\AndroidManifest.xml:94:5-96:47
27-->src\main\AndroidManifest.xml:95:9-68
28    <uses-permission android:name="android.permission.MODIFY_AUDIO_SETTINGS" />
28-->src\main\AndroidManifest.xml:97:5-80
28-->src\main\AndroidManifest.xml:97:22-77
29    <uses-permission android:name="android.permission.RECORD_AUDIO" />
29-->src\main\AndroidManifest.xml:98:5-71
29-->src\main\AndroidManifest.xml:98:22-68
30    <uses-permission android:name="android.permission.CAMERA" />
30-->src\main\AndroidManifest.xml:99:5-65
30-->src\main\AndroidManifest.xml:99:22-62
31    <uses-permission android:name="android.permission.WAKE_LOCK" />
31-->src\main\AndroidManifest.xml:100:5-68
31-->src\main\AndroidManifest.xml:100:22-65
32    <uses-permission android:name="android.permission.READ_EXTERNAL_STORAGE" />
32-->src\main\AndroidManifest.xml:101:5-80
32-->src\main\AndroidManifest.xml:101:22-77
33
34    <!-- 二维码扫描相关权限 -->
35    <uses-permission android:name="android.permission.MOUNT_FORMAT_FILESYSTEMS" />
35-->src\main\AndroidManifest.xml:104:5-106:47
35-->src\main\AndroidManifest.xml:105:9-67
36    <!-- 闪光灯 -->
37    <uses-permission android:name="android.permission.VIBRATE" />
37-->src\main\AndroidManifest.xml:84:5-66
37-->src\main\AndroidManifest.xml:84:22-63
38    <!-- 多媒体相关 -->
39    <uses-permission android:name="android.permission.FLASHLIGHT" />
39-->src\main\AndroidManifest.xml:110:5-69
39-->src\main\AndroidManifest.xml:110:22-66
40    <uses-permission android:name="android.permission.CAMERA" />
40-->src\main\AndroidManifest.xml:99:5-65
40-->src\main\AndroidManifest.xml:99:22-62
41    <uses-permission android:name="android.permission.READ_EXTERNAL_STORAGE" />
41-->src\main\AndroidManifest.xml:101:5-80
41-->src\main\AndroidManifest.xml:101:22-77
42    <uses-permission android:name="android.permission.WRITE_EXTERNAL_STORAGE" />
42-->src\main\AndroidManifest.xml:87:5-89:40
42-->src\main\AndroidManifest.xml:88:9-65
43    <uses-permission android:name="android.permission.MOUNT_UNMOUNT_FILESYSTEMS" />
43-->src\main\AndroidManifest.xml:94:5-96:47
43-->src\main\AndroidManifest.xml:95:9-68
44
45    <application
46        android:name="com.yunkai.browser.Application.MyApplication"
46-->src\main\AndroidManifest.xml:9:9-68
47        android:allowBackup="true"
47-->src\main\AndroidManifest.xml:10:9-35
48        android:appComponentFactory="androidx.core.app.CoreComponentFactory"
48-->[androidx.core:core:1.3.0] AndroidManifest.xml:24:18-86
49        android:extractNativeLibs="false"
50        android:hardwareAccelerated="true"
50-->src\main\AndroidManifest.xml:11:9-43
51        android:icon="@drawable/icon"
51-->src\main\AndroidManifest.xml:12:9-35
52        android:label="愛德愛遊樂"
52-->src\main\AndroidManifest.xml:14:9-36
53        android:supportsRtl="true"
53-->[eu.long1:spacetablayout:1.0.4] AndroidManifest.xml:29:9-35
54        android:theme="@style/WelcomeTheme" >
54-->src\main\AndroidManifest.xml:15:9-44
55
56        <!--
57        android:theme="@android:style/Theme.NoTitleBar"
58        android:theme="@style/AppTheme"
59        -->
60
61        <activity android:name="com.yunkai.browser.activity.WebViewActivity" />
61-->src\main\AndroidManifest.xml:21:9-80
61-->src\main\AndroidManifest.xml:21:19-77
62        <activity
62-->src\main\AndroidManifest.xml:23:9-30:20
63            android:name="com.yunkai.browser.activity.PhoneHomeAppActivity"
63-->src\main\AndroidManifest.xml:24:13-76
64            android:screenOrientation="portrait" >
64-->src\main\AndroidManifest.xml:25:13-49
65            <intent-filter>
65-->src\main\AndroidManifest.xml:26:13-29:29
66                <action android:name="android.intent.action.MAIN" />
66-->src\main\AndroidManifest.xml:27:17-69
66-->src\main\AndroidManifest.xml:27:25-66
67
68                <category android:name="android.intent.category.LAUNCHER" />
68-->src\main\AndroidManifest.xml:28:17-77
68-->src\main\AndroidManifest.xml:28:27-74
69            </intent-filter>
70        </activity>
71        <activity
71-->src\main\AndroidManifest.xml:32:9-35:52
72            android:name="com.yunkai.browser.activity.SearchInfoActivity"
72-->src\main\AndroidManifest.xml:33:13-74
73            android:launchMode="singleInstance"
73-->src\main\AndroidManifest.xml:34:13-48
74            android:screenOrientation="portrait" />
74-->src\main\AndroidManifest.xml:35:13-49
75        <activity
75-->src\main\AndroidManifest.xml:38:9-41:52
76            android:name="com.yunkai.browser.activity.AccountInfoActivity"
76-->src\main\AndroidManifest.xml:39:13-75
77            android:launchMode="singleInstance"
77-->src\main\AndroidManifest.xml:40:13-48
78            android:screenOrientation="portrait" />
78-->src\main\AndroidManifest.xml:41:13-49
79        <activity android:name="com.yunkai.browser.nfc.NFCActivity" />
79-->src\main\AndroidManifest.xml:43:9-71
79-->src\main\AndroidManifest.xml:43:19-68
80        <activity android:name="com.yunkai.browser.scan.ScannerActivity" />
80-->src\main\AndroidManifest.xml:44:9-76
80-->src\main\AndroidManifest.xml:44:19-73
81
82        <!-- 二维码相关 -->
83        <activity
83-->src\main\AndroidManifest.xml:47:9-49:52
84            android:name="com.yunkai.browser.zxing.app.CaptureActivity"
84-->src\main\AndroidManifest.xml:48:13-72
85            android:screenOrientation="portrait" />
85-->src\main\AndroidManifest.xml:49:13-49
86        <activity
86-->src\main\AndroidManifest.xml:50:9-52:52
87            android:name="com.yunkai.browser.zxing.app.PreferencesActivity"
87-->src\main\AndroidManifest.xml:51:13-76
88            android:screenOrientation="portrait" />
88-->src\main\AndroidManifest.xml:52:13-49
89
90        <!-- 文件管理器相关authorities="你的包名+fileprovider" -->
91        <!-- 打包两个apk的话，要修改包名 -->
92        <!-- android:authorities="com.bang.ticket.fileprovider" -->
93        <provider
93-->src\main\AndroidManifest.xml:56:9-64:20
94            android:name="androidx.core.content.FileProvider"
94-->src\main\AndroidManifest.xml:57:13-62
95            android:authorities="com.aidegroup.ticket.fileprovider"
95-->src\main\AndroidManifest.xml:58:13-68
96            android:exported="false"
96-->src\main\AndroidManifest.xml:59:13-37
97            android:grantUriPermissions="true" >
97-->src\main\AndroidManifest.xml:60:13-47
98            <meta-data
98-->src\main\AndroidManifest.xml:61:13-63:53
99                android:name="android.support.FILE_PROVIDER_PATHS"
99-->src\main\AndroidManifest.xml:62:17-67
100                android:resource="@xml/filepaths" />
100-->src\main\AndroidManifest.xml:63:17-50
101        </provider>
102    </application>
103
104</manifest>